-------------------------------------------------------------------------------
Test set: com.AlphaSense.runners.CukesRunner
-------------------------------------------------------------------------------
Tests run: 1, Failures: 0, Errors: 1, Skipped: 0, Time elapsed: 0.001 s <<< FAILURE! - in com.AlphaSense.runners.CukesRunner
initializationError(com.AlphaSense.runners.CukesRunner)  Time elapsed: 0.001 s  <<< ERROR!
io.cucumber.core.exception.CucumberException: Failed to parse 'failedTest'
Caused by: java.nio.file.NoSuchFileException: failedTest

