-------------------------------------------------------------------------------
Test set: Users should be able to create a new account && user can login successfully after
-------------------------------------------------------------------------------
Tests run: 1, Failures: 1, Errors: 0, Skipped: 0, Time elapsed: 17.869 s <<< FAILURE! - in Users should be able to create a new account && user can login successfully after
Login as a registered user(Users should be able to create a new account && user can login successfully after)  Time elapsed: 17.869 s  <<< FAILURE!
java.lang.AssertionError

